
> react-kavia@0.1.0 start
> react-scripts start

(node:2904) [DEP_WEBPACK_DEV_SERVER_ON_AFTER_SETUP_MIDDLEWARE] DeprecationWarning: 'onAfterSetupMiddleware' option is deprecated. Please use the 'setupMiddlewares' option.
(Use `node --trace-deprecation ...` to show where the warning was created)
(node:2904) [DEP_WEBPACK_DEV_SERVER_ON_BEFORE_SETUP_MIDDLEWARE] DeprecationWarning: 'onBeforeSetupMiddleware' option is deprecated. Please use the 'setupMiddlewares' option.
Starting the development server...

Compiled successfully!

You can now view react-kavia in the browser.

  Local:            http://localhost:3000
  On Your Network:  http://172.17.0.2:3000

Note that the development build is not optimized.
To create a production build, use npm run build.

webpack compiled successfully
Compiling...
Compiled with warnings.

[eslint] 
src/utils/useGameState.js
  Line 4:3:    'createBoard' is defined but never used             no-unused-vars
  Line 13:18:  'updateGameBoard' is defined but never used         no-unused-vars
  Line 198:9:  'startDropping' is assigned a value but never used  no-unused-vars
  Line 205:9:  'stopDropping' is assigned a value but never used   no-unused-vars

Search for the keywords to learn more about each warning.
To ignore, add // eslint-disable-next-line to the line before.

WARNING in [eslint] 
src/utils/useGameState.js
  Line 4:3:    'createBoard' is defined but never used             no-unused-vars
  Line 13:18:  'updateGameBoard' is defined but never used         no-unused-vars
  Line 198:9:  'startDropping' is assigned a value but never used  no-unused-vars
  Line 205:9:  'stopDropping' is assigned a value but never used   no-unused-vars

webpack compiled with 1 warning
Compiling...
Compiled with warnings.

[eslint] 
src/utils/useGameState.js
  Line 4:3:    'createBoard' is defined but never used             no-unused-vars
  Line 13:18:  'updateGameBoard' is defined but never used         no-unused-vars
  Line 198:9:  'startDropping' is assigned a value but never used  no-unused-vars
  Line 205:9:  'stopDropping' is assigned a value but never used   no-unused-vars

Search for the keywords to learn more about each warning.
To ignore, add // eslint-disable-next-line to the line before.

WARNING in [eslint] 
src/utils/useGameState.js
  Line 4:3:    'createBoard' is defined but never used             no-unused-vars
  Line 13:18:  'updateGameBoard' is defined but never used         no-unused-vars
  Line 198:9:  'startDropping' is assigned a value but never used  no-unused-vars
  Line 205:9:  'stopDropping' is assigned a value but never used   no-unused-vars

webpack compiled with 1 warning
Compiling...
Compiled with warnings.

[eslint] 
src/utils/useGameState.js
  Line 4:3:    'createBoard' is defined but never used             no-unused-vars
  Line 13:18:  'updateGameBoard' is defined but never used         no-unused-vars
  Line 198:9:  'startDropping' is assigned a value but never used  no-unused-vars
  Line 205:9:  'stopDropping' is assigned a value but never used   no-unused-vars

Search for the keywords to learn more about each warning.
To ignore, add // eslint-disable-next-line to the line before.

WARNING in [eslint] 
src/utils/useGameState.js
  Line 4:3:    'createBoard' is defined but never used             no-unused-vars
  Line 13:18:  'updateGameBoard' is defined but never used         no-unused-vars
  Line 198:9:  'startDropping' is assigned a value but never used  no-unused-vars
  Line 205:9:  'stopDropping' is assigned a value but never used   no-unused-vars

webpack compiled with 1 warning
Compiling...
Compiled with warnings.

[eslint] 
src/utils/useGameState.js
  Line 4:3:    'createBoard' is defined but never used             no-unused-vars
  Line 13:18:  'updateGameBoard' is defined but never used         no-unused-vars
  Line 198:9:  'startDropping' is assigned a value but never used  no-unused-vars
  Line 205:9:  'stopDropping' is assigned a value but never used   no-unused-vars

Search for the keywords to learn more about each warning.
To ignore, add // eslint-disable-next-line to the line before.

WARNING in [eslint] 
src/utils/useGameState.js
  Line 4:3:    'createBoard' is defined but never used             no-unused-vars
  Line 13:18:  'updateGameBoard' is defined but never used         no-unused-vars
  Line 198:9:  'startDropping' is assigned a value but never used  no-unused-vars
  Line 205:9:  'stopDropping' is assigned a value but never used   no-unused-vars

webpack compiled with 1 warning
Compiling...
Compiled with warnings.

[eslint] 
src/utils/useGameState.js
  Line 4:3:    'createBoard' is defined but never used             no-unused-vars
  Line 13:18:  'updateGameBoard' is defined but never used         no-unused-vars
  Line 198:9:  'startDropping' is assigned a value but never used  no-unused-vars
  Line 205:9:  'stopDropping' is assigned a value but never used   no-unused-vars

Search for the keywords to learn more about each warning.
To ignore, add // eslint-disable-next-line to the line before.

WARNING in [eslint] 
src/utils/useGameState.js
  Line 4:3:    'createBoard' is defined but never used             no-unused-vars
  Line 13:18:  'updateGameBoard' is defined but never used         no-unused-vars
  Line 198:9:  'startDropping' is assigned a value but never used  no-unused-vars
  Line 205:9:  'stopDropping' is assigned a value but never used   no-unused-vars

webpack compiled with 1 warning
Compiling...
Compiled with warnings.

[eslint] 
src/utils/useGameState.js
  Line 4:3:    'createBoard' is defined but never used             no-unused-vars
  Line 13:18:  'updateGameBoard' is defined but never used         no-unused-vars
  Line 198:9:  'startDropping' is assigned a value but never used  no-unused-vars
  Line 205:9:  'stopDropping' is assigned a value but never used   no-unused-vars

Search for the keywords to learn more about each warning.
To ignore, add // eslint-disable-next-line to the line before.

WARNING in [eslint] 
src/utils/useGameState.js
  Line 4:3:    'createBoard' is defined but never used             no-unused-vars
  Line 13:18:  'updateGameBoard' is defined but never used         no-unused-vars
  Line 198:9:  'startDropping' is assigned a value but never used  no-unused-vars
  Line 205:9:  'stopDropping' is assigned a value but never used   no-unused-vars

webpack compiled with 1 warning
Compiling...
Compiled with warnings.

[eslint] 
src/utils/useGameState.js
  Line 4:3:    'createBoard' is defined but never used             no-unused-vars
  Line 13:18:  'updateGameBoard' is defined but never used         no-unused-vars
  Line 198:9:  'startDropping' is assigned a value but never used  no-unused-vars
  Line 205:9:  'stopDropping' is assigned a value but never used   no-unused-vars

Search for the keywords to learn more about each warning.
To ignore, add // eslint-disable-next-line to the line before.

WARNING in [eslint] 
src/utils/useGameState.js
  Line 4:3:    'createBoard' is defined but never used             no-unused-vars
  Line 13:18:  'updateGameBoard' is defined but never used         no-unused-vars
  Line 198:9:  'startDropping' is assigned a value but never used  no-unused-vars
  Line 205:9:  'stopDropping' is assigned a value but never used   no-unused-vars

webpack compiled with 1 warning
Compiling...
Compiled with warnings.

[eslint] 
src/utils/useGameState.js
  Line 4:3:    'createBoard' is defined but never used             no-unused-vars
  Line 13:18:  'updateGameBoard' is defined but never used         no-unused-vars
  Line 198:9:  'startDropping' is assigned a value but never used  no-unused-vars
  Line 205:9:  'stopDropping' is assigned a value but never used   no-unused-vars

Search for the keywords to learn more about each warning.
To ignore, add // eslint-disable-next-line to the line before.

WARNING in [eslint] 
src/utils/useGameState.js
  Line 4:3:    'createBoard' is defined but never used             no-unused-vars
  Line 13:18:  'updateGameBoard' is defined but never used         no-unused-vars
  Line 198:9:  'startDropping' is assigned a value but never used  no-unused-vars
  Line 205:9:  'stopDropping' is assigned a value but never used   no-unused-vars

webpack compiled with 1 warning
Compiling...
Compiled with warnings.

[eslint] 
src/utils/useGameState.js
  Line 4:3:    'createBoard' is defined but never used             no-unused-vars
  Line 13:18:  'updateGameBoard' is defined but never used         no-unused-vars
  Line 198:9:  'startDropping' is assigned a value but never used  no-unused-vars
  Line 205:9:  'stopDropping' is assigned a value but never used   no-unused-vars

Search for the keywords to learn more about each warning.
To ignore, add // eslint-disable-next-line to the line before.

WARNING in [eslint] 
src/utils/useGameState.js
  Line 4:3:    'createBoard' is defined but never used             no-unused-vars
  Line 13:18:  'updateGameBoard' is defined but never used         no-unused-vars
  Line 198:9:  'startDropping' is assigned a value but never used  no-unused-vars
  Line 205:9:  'stopDropping' is assigned a value but never used   no-unused-vars

webpack compiled with 1 warning
Compiling...
Compiled with warnings.

[eslint] 
src/utils/useGameState.js
  Line 4:3:    'createBoard' is defined but never used             no-unused-vars
  Line 13:18:  'updateGameBoard' is defined but never used         no-unused-vars
  Line 198:9:  'startDropping' is assigned a value but never used  no-unused-vars
  Line 205:9:  'stopDropping' is assigned a value but never used   no-unused-vars

Search for the keywords to learn more about each warning.
To ignore, add // eslint-disable-next-line to the line before.

WARNING in [eslint] 
src/utils/useGameState.js
  Line 4:3:    'createBoard' is defined but never used             no-unused-vars
  Line 13:18:  'updateGameBoard' is defined but never used         no-unused-vars
  Line 198:9:  'startDropping' is assigned a value but never used  no-unused-vars
  Line 205:9:  'stopDropping' is assigned a value but never used   no-unused-vars

webpack compiled with 1 warning
Compiling...
Compiled with warnings.

[eslint] 
src/utils/useGameState.js
  Line 4:3:    'createBoard' is defined but never used             no-unused-vars
  Line 13:18:  'updateGameBoard' is defined but never used         no-unused-vars
  Line 198:9:  'startDropping' is assigned a value but never used  no-unused-vars
  Line 205:9:  'stopDropping' is assigned a value but never used   no-unused-vars

Search for the keywords to learn more about each warning.
To ignore, add // eslint-disable-next-line to the line before.

WARNING in [eslint] 
src/utils/useGameState.js
  Line 4:3:    'createBoard' is defined but never used             no-unused-vars
  Line 13:18:  'updateGameBoard' is defined but never used         no-unused-vars
  Line 198:9:  'startDropping' is assigned a value but never used  no-unused-vars
  Line 205:9:  'stopDropping' is assigned a value but never used   no-unused-vars

webpack compiled with 1 warning
Compiling...
Compiled with warnings.

[eslint] 
src/utils/useGameState.js
  Line 4:3:    'createBoard' is defined but never used             no-unused-vars
  Line 13:18:  'updateGameBoard' is defined but never used         no-unused-vars
  Line 198:9:  'startDropping' is assigned a value but never used  no-unused-vars
  Line 205:9:  'stopDropping' is assigned a value but never used   no-unused-vars

Search for the keywords to learn more about each warning.
To ignore, add // eslint-disable-next-line to the line before.

WARNING in [eslint] 
src/utils/useGameState.js
  Line 4:3:    'createBoard' is defined but never used             no-unused-vars
  Line 13:18:  'updateGameBoard' is defined but never used         no-unused-vars
  Line 198:9:  'startDropping' is assigned a value but never used  no-unused-vars
  Line 205:9:  'stopDropping' is assigned a value but never used   no-unused-vars

webpack compiled with 1 warning
Compiling...
Compiled with warnings.

[eslint] 
src/utils/useGameState.js
  Line 196:9:  'startDropping' is assigned a value but never used  no-unused-vars
  Line 203:9:  'stopDropping' is assigned a value but never used   no-unused-vars

Search for the keywords to learn more about each warning.
To ignore, add // eslint-disable-next-line to the line before.

WARNING in [eslint] 
src/utils/useGameState.js
  Line 196:9:  'startDropping' is assigned a value but never used  no-unused-vars
  Line 203:9:  'stopDropping' is assigned a value but never used   no-unused-vars

webpack compiled with 1 warning
Compiling...
Compiled successfully!
webpack compiled successfully
Compiling...
Compiled successfully!
webpack compiled successfully
Compiling...
Compiled successfully!
webpack compiled successfully
Compiling...
Compiled successfully!
webpack compiled successfully
Compiling...
Failed to compile.

[eslint] 
src/utils/useGameState.js
  Line 241:24:  'createBoard' is not defined  no-undef

Search for the keywords to learn more about each error.
ERROR in [eslint] 
src/utils/useGameState.js
  Line 241:24:  'createBoard' is not defined  no-undef

Search for the keywords to learn more about each error.

webpack compiled with 1 error
Compiling...
Failed to compile.

[eslint] 
src/utils/useGameState.js
  Line 269:24:  'createBoard' is not defined  no-undef

Search for the keywords to learn more about each error.
ERROR in [eslint] 
src/utils/useGameState.js
  Line 269:24:  'createBoard' is not defined  no-undef

Search for the keywords to learn more about each error.

webpack compiled with 1 error
Compiling...
Failed to compile.

[eslint] 
src/utils/useGameState.js
  Line 269:24:  'createBoard' is not defined  no-undef

Search for the keywords to learn more about each error.
ERROR in [eslint] 
src/utils/useGameState.js
  Line 269:24:  'createBoard' is not defined  no-undef

Search for the keywords to learn more about each error.

webpack compiled with 1 error
Compiling...
Failed to compile.

[eslint] 
src/utils/useGameState.js
  Line 269:24:  'createBoard' is not defined  no-undef

Search for the keywords to learn more about each error.
ERROR in [eslint] 
src/utils/useGameState.js
  Line 269:24:  'createBoard' is not defined  no-undef

Search for the keywords to learn more about each error.

webpack compiled with 1 error
